<?xml version="1.0" encoding="UTF-8"?>
<!-- Generated by org.testng.reporters.JUnitXMLReporter -->
<testsuite hostname="sony-PC" name="Adactin Hotel Application" tests="11" failures="1" timestamp="18 May 2019 16:13:52 GMT" time="169.915" errors="0">
  <testcase name="loginPageTitleTest" time="0.064" classname="com.crm.qa.testcases.LoginPageTest"/>
  <testcase name="AdctinLogoImageTest" time="0.053" classname="com.crm.qa.testcases.LoginPageTest"/>
  <testcase name="loginTest" time="0.668" classname="com.crm.qa.testcases.LoginPageTest"/>
  <testcase name="validateHomePageTitle" time="0.02" classname="com.crm.qa.testcases.HomePageTest"/>
  <testcase name="verifyUserName" time="0.043" classname="com.crm.qa.testcases.HomePageTest"/>
  <testcase name="bookedPageClickTest" time="0.44" classname="com.crm.qa.testcases.HomePageTest"/>
  <testcase name="verifyBookingHotelText" time="1.885" classname="com.crm.qa.testcases.HomePageTest"/>
  <testcase name="verifyBookingHotelText" time="2.112" classname="com.crm.qa.testcases.HomePageTest"/>
  <testcase name="verifyBookingHotelText" time="2.262" classname="com.crm.qa.testcases.HomePageTest"/>
  <testcase name="verifyBookedItineraryLabelTest" time="0.06" classname="com.crm.qa.testcases.BookedPageTest"/>
  <testcase name="selectOrderidCheckboxTest" time="10.671" classname="com.crm.qa.testcases.BookedPageTest">
    <failure type="org.openqa.selenium.NoSuchElementException" message="no such element: Unable to locate element: {&amp;quot;method&amp;quot;:&amp;quot;xpath&amp;quot;,&amp;quot;selector&amp;quot;:&amp;quot;//input[contains(@value,&amp;apos;E6E741AX46&amp;apos;)][contains(@class,&amp;apos;select_text&amp;apos;) ]//parent::td[@bgcolor=&amp;apos;#FFFFFF&amp;apos;]//preceding-sibling::td//input[@type=&amp;apos;checkbox&amp;apos;]&amp;quot;}
  (Session info: chrome=74.0.3729.157)
  (Driver info: chromedriver=2.46.628402 (536cd7adbad73a3783fdc2cab92ab2ba7ec361e1),platform=Windows NT 6.1.7601 SP1 x86_64) (WARNING: The server did not provide any stacktrace information)
Command duration or timeout: 0 milliseconds
For documentation on this error, please visit: https://www.seleniumhq.org/exceptions/no_such_element.html
Build info: version: &amp;apos;3.141.59&amp;apos;, revision: &amp;apos;e82be7d358&amp;apos;, time: &amp;apos;2018-11-14T08:17:03&amp;apos;
System info: host: &amp;apos;SONY-PC&amp;apos;, ip: &amp;apos;192.168.1.18&amp;apos;, os.name: &amp;apos;Windows 7&amp;apos;, os.arch: &amp;apos;amd64&amp;apos;, os.version: &amp;apos;6.1&amp;apos;, java.version: &amp;apos;1.8.0_191&amp;apos;
Driver info: org.openqa.selenium.chrome.ChromeDriver
Capabilities {acceptInsecureCerts: false, acceptSslCerts: false, applicationCacheEnabled: false, browserConnectionEnabled: false, browserName: chrome, chrome: {chromedriverVersion: 2.46.628402 (536cd7adbad73a..., userDataDir: C:\Users\sony\AppData\Local...}, cssSelectorsEnabled: true, databaseEnabled: false, goog:chromeOptions: {debuggerAddress: localhost:49575}, handlesAlerts: true, hasTouchScreen: false, javascriptEnabled: true, locationContextEnabled: true, mobileEmulationEnabled: false, nativeEvents: true, networkConnectionEnabled: false, pageLoadStrategy: normal, platform: XP, platformName: XP, proxy: Proxy(), rotatable: false, setWindowRect: true, strictFileInteractability: false, takesHeapSnapshot: true, takesScreenshot: true, timeouts: {implicit: 0, pageLoad: 300000, script: 30000}, unexpectedAlertBehaviour: ignore, unhandledPromptBehavior: ignore, version: 74.0.3729.157, webStorageEnabled: true}
Session ID: ca0b1ebad9cf533cabf615d076fc8f23
*** Element info: {Using=xpath, value=//input[contains(@value,&amp;apos;E6E741AX46&amp;apos;)][contains(@class,&amp;apos;select_text&amp;apos;) ]//parent::td[@bgcolor=&amp;apos;#FFFFFF&amp;apos;]//preceding-sibling::td//input[@type=&amp;apos;checkbox&amp;apos;]}">
      <![CDATA[org.openqa.selenium.NoSuchElementException: no such element: Unable to locate element: {"method":"xpath","selector":"//input[contains(@value,'E6E741AX46')][contains(@class,'select_text') ]//parent::td[@bgcolor='#FFFFFF']//preceding-sibling::td//input[@type='checkbox']"}
  (Session info: chrome=74.0.3729.157)
  (Driver info: chromedriver=2.46.628402 (536cd7adbad73a3783fdc2cab92ab2ba7ec361e1),platform=Windows NT 6.1.7601 SP1 x86_64) (WARNING: The server did not provide any stacktrace information)
Command duration or timeout: 0 milliseconds
For documentation on this error, please visit: https://www.seleniumhq.org/exceptions/no_such_element.html
Build info: version: '3.141.59', revision: 'e82be7d358', time: '2018-11-14T08:17:03'
System info: host: 'SONY-PC', ip: '192.168.1.18', os.name: 'Windows 7', os.arch: 'amd64', os.version: '6.1', java.version: '1.8.0_191'
Driver info: org.openqa.selenium.chrome.ChromeDriver
Capabilities {acceptInsecureCerts: false, acceptSslCerts: false, applicationCacheEnabled: false, browserConnectionEnabled: false, browserName: chrome, chrome: {chromedriverVersion: 2.46.628402 (536cd7adbad73a..., userDataDir: C:\Users\sony\AppData\Local...}, cssSelectorsEnabled: true, databaseEnabled: false, goog:chromeOptions: {debuggerAddress: localhost:49575}, handlesAlerts: true, hasTouchScreen: false, javascriptEnabled: true, locationContextEnabled: true, mobileEmulationEnabled: false, nativeEvents: true, networkConnectionEnabled: false, pageLoadStrategy: normal, platform: XP, platformName: XP, proxy: Proxy(), rotatable: false, setWindowRect: true, strictFileInteractability: false, takesHeapSnapshot: true, takesScreenshot: true, timeouts: {implicit: 0, pageLoad: 300000, script: 30000}, unexpectedAlertBehaviour: ignore, unhandledPromptBehavior: ignore, version: 74.0.3729.157, webStorageEnabled: true}
Session ID: ca0b1ebad9cf533cabf615d076fc8f23
*** Element info: {Using=xpath, value=//input[contains(@value,'E6E741AX46')][contains(@class,'select_text') ]//parent::td[@bgcolor='#FFFFFF']//preceding-sibling::td//input[@type='checkbox']}
	at org.openqa.selenium.remote.ErrorHandler.createThrowable(ErrorHandler.java:214)
	at org.openqa.selenium.remote.ErrorHandler.throwIfResponseFailed(ErrorHandler.java:166)
	at org.openqa.selenium.remote.http.JsonHttpResponseCodec.reconstructValue(JsonHttpResponseCodec.java:40)
	at org.openqa.selenium.remote.http.AbstractHttpResponseCodec.decode(AbstractHttpResponseCodec.java:80)
	at org.openqa.selenium.remote.http.AbstractHttpResponseCodec.decode(AbstractHttpResponseCodec.java:44)
	at org.openqa.selenium.remote.HttpCommandExecutor.execute(HttpCommandExecutor.java:158)
	at org.openqa.selenium.remote.service.DriverCommandExecutor.execute(DriverCommandExecutor.java:83)
	at org.openqa.selenium.remote.RemoteWebDriver.execute(RemoteWebDriver.java:552)
	at org.openqa.selenium.remote.RemoteWebDriver.findElement(RemoteWebDriver.java:323)
	at org.openqa.selenium.remote.RemoteWebDriver.findElementByXPath(RemoteWebDriver.java:428)
	at org.openqa.selenium.By$ByXPath.findElement(By.java:353)
	at org.openqa.selenium.remote.RemoteWebDriver.findElement(RemoteWebDriver.java:315)
	at org.openqa.selenium.support.events.EventFiringWebDriver.lambda$new$1(EventFiringWebDriver.java:105)
	at com.sun.proxy.$Proxy8.findElement(Unknown Source)
	at org.openqa.selenium.support.events.EventFiringWebDriver.findElement(EventFiringWebDriver.java:194)
	at com.crm.qa.pages.BookedPage.selectOrderidCheckbox(BookedPage.java:23)
	at com.crm.qa.testcases.BookedPageTest.selectOrderidCheckboxTest(BookedPageTest.java:40)
... Removed 32 stack frames]]>
    </failure>
  </testcase> <!-- selectOrderidCheckboxTest -->
</testsuite> <!-- Adactin Hotel Application -->
